<?xml version="1.0" encoding="UTF-8"?>
<!-- Generated by org.testng.reporters.JUnitReportReporter -->
<testsuite hostname="YUXMED0050L" name="tests.AddBooksTest" tests="2" failures="0" timestamp="16 Feb 2020 16:54:08 GMT" time="6.407" errors="0">
  <testcase name="login" time="0.545" classname="tests.AddBooksTest"/>
  <testcase name="addBooks" time="5.862" classname="tests.AddBooksTest"/>
</testsuite> <!-- tests.AddBooksTest -->
